time=2024-07-16T10:19:39.207+05:00 level=ERROR msg="error with validating user: %!s(<nil>)"
time=2024-07-16T10:20:43.486+05:00 level=ERROR msg="error with validating user: %!s(<nil>)"
time=2024-07-16T16:54:16.569+05:00 level=ERROR msg="error with getting Author info: rpc error: code = Unknown desc = sql: no rows in result set"
time=2024-07-16T16:55:05.269+05:00 level=ERROR msg="error with getting Author info: rpc error: code = Unknown desc = sql: no rows in result set"
time=2024-07-16T16:55:23.388+05:00 level=ERROR msg="error with getting Author info: rpc error: code = Unknown desc = sql: no rows in result set"
time=2024-07-16T16:56:30.230+05:00 level=ERROR msg="error with getting Author info: rpc error: code = Unknown desc = sql: no rows in result set"
time=2024-07-16T16:56:48.209+05:00 level=ERROR msg="error with getting Author info: rpc error: code = Unknown desc = sql: no rows in result set"
time=2024-07-16T16:58:57.968+05:00 level=ERROR msg="error with getting Author info: rpc error: code = Unknown desc = sql: no rows in result set"
time=2024-07-16T16:59:01.184+05:00 level=ERROR msg="error with getting Author info: rpc error: code = Unknown desc = sql: no rows in result set"
time=2024-07-16T16:59:28.712+05:00 level=ERROR msg="error with getting Author info: rpc error: code = Unknown desc = sql: no rows in result set"
time=2024-07-16T16:59:33.233+05:00 level=ERROR msg="error with getting Author info: rpc error: code = Unknown desc = sql: no rows in result set"
time=2024-07-16T16:59:56.710+05:00 level=ERROR msg="error with getting Author info: rpc error: code = Unknown desc = sql: no rows in result set"
time=2024-07-16T17:00:11.898+05:00 level=ERROR msg="error with getting Author info: rpc error: code = Unknown desc = sql: no rows in result set"
time=2024-07-16T17:00:15.115+05:00 level=ERROR msg="error with getting Author info: rpc error: code = Unknown desc = sql: no rows in result set"
time=2024-07-16T17:01:01.923+05:00 level=ERROR msg="error with getting Author info: rpc error: code = Unknown desc = sql: no rows in result set"
time=2024-07-16T17:01:40.152+05:00 level=ERROR msg="error with getting Author info: rpc error: code = Unknown desc = sql: no rows in result set"
time=2024-07-16T17:01:46.344+05:00 level=ERROR msg="error with getting Author info: rpc error: code = Unknown desc = sql: no rows in result set"
time=2024-07-16T17:02:13.981+05:00 level=ERROR msg="error with getting Author info: rpc error: code = Unknown desc = sql: no rows in result set"
time=2024-07-16T18:33:56.961+05:00 level=ERROR msg="error with add one to like_count column of stories: pq: invalid input syntax for type uuid: \"string\""
time=2024-07-16T18:35:09.422+05:00 level=ERROR msg="error with add like info to like table: pq: duplicate key value violates unique constraint \"likes_pkey\""
time=2024-07-16T18:35:38.661+05:00 level=ERROR msg="error with add like info to like table: pq: duplicate key value violates unique constraint \"likes_pkey\""
time=2024-07-17T11:49:32.496+05:00 level=ERROR msg="error with validating user: rpc error: code = Unavailable desc = connection error: desc = \"transport: Error while dialing: dial tcp 127.0.0.1:2222: connect: connection refused\""
time=2024-07-17T11:50:05.162+05:00 level=ERROR msg="error with validating user: rpc error: code = Unavailable desc = connection error: desc = \"transport: Error while dialing: dial tcp 127.0.0.1:2222: connect: connection refused\""
time=2024-07-17T11:50:15.332+05:00 level=ERROR msg="error with validating user: rpc error: code = Unavailable desc = connection error: desc = \"transport: Error while dialing: dial tcp 127.0.0.1:2222: connect: connection refused\""
time=2024-07-17T11:50:52.744+05:00 level=ERROR msg="error with validating user: %!s(<nil>)"
time=2024-07-17T11:51:04.086+05:00 level=ERROR msg="error with editing itineraries table: pq: invalid input syntax for type date: \"string\""
time=2024-07-17T11:51:51.327+05:00 level=ERROR msg="error with editing itineraries' destnation: pq: invalid input syntax for type date: \"string\""
time=2024-07-17T11:52:03.424+05:00 level=ERROR msg="error with editing itineraries' destnation: pq: invalid input syntax for type date: \"string\""
time=2024-07-17T11:52:04.353+05:00 level=ERROR msg="error with editing itineraries' destnation: pq: invalid input syntax for type date: \"string\""
time=2024-07-17T11:52:10.981+05:00 level=ERROR msg="error with editing itineraries' destnation: pq: invalid input syntax for type date: \"string\""
time=2024-07-17T11:52:28.535+05:00 level=ERROR msg="error with editing itineraries' destnation: pq: invalid input syntax for type uuid: \"string\""
time=2024-07-17T11:53:18.393+05:00 level=ERROR msg="error with editing itineraries' destnation: pq: invalid input syntax for type uuid: \"string\""
